Build started 2/20/2015 2:57:48 PM.
     1>Project "C:\Users\Branden\documents\visual studio 2010\Projects\Pokemon Player\Pokemon Player\Pokemon Player.vcxproj" on node 2 (build target(s)).
     1>InitializeBuildStatus:
         Creating "Debug\Pokemon Player.unsuccessfulbuild" because "AlwaysCreate" was specified.
       GenerateTargetFrameworkMonikerAttribute:
       Skipping target "GenerateTargetFrameworkMonikerAttribute" because all output files are up-to-date with respect to the input files.
       ClCompile:
         c:\Program Files (x86)\Microsoft Visual Studio 10.0\VC\bin\CL.exe /c /AI"C:\Program Files (x86)\Reference Assemblies\Microsoft\Framework\.NETFramework\v4.0" /Zi /clr /nologo /W3 /WX- /Od /Oy- /D _MBCS /EHa /MDd /GS /fp:precise /Zc:wchar_t /Zc:forScope /Fo"Debug\\" /Fd"Debug\vc100.pdb" /TP /FU"C:\Program Files (x86)\Reference Assemblies\Microsoft\Framework\.NETFramework\v4.0\System.Core.dll" /analyze- /errorReport:prompt src\Battle.cpp /clr:nostdlib 
         Battle.cpp
         All outputs are up-to-date.
       Link:
         c:\Program Files (x86)\Microsoft Visual Studio 10.0\VC\bin\link.exe /ERRORREPORT:PROMPT /OUT:"C:\Users\Branden\documents\visual studio 2010\Projects\Pokemon Player\Debug\Pokemon Player.exe" /NOLOGO kernel32.lib user32.lib gdi32.lib winspool.lib comdlg32.lib advapi32.lib shell32.lib ole32.lib oleaut32.lib uuid.lib odbc32.lib odbccp32.lib /MANIFEST /ManifestFile:"Debug\Pokemon Player.exe.intermediate.manifest" /MANIFESTUAC:"level='asInvoker' uiAccess='false'" /DEBUG /PDB:"C:\Users\Branden\documents\visual studio 2010\Projects\Pokemon Player\Debug\Pokemon Player.pdb" /ASSEMBLYDEBUG /TLBID:1 /DYNAMICBASE /FIXED:NO /NXCOMPAT /MACHINE:X86 Debug\Battle.obj
         Debug\Control.obj
         Debug\Data.obj
         Debug\Driver.obj
         Debug\Pokemon.obj
         "Debug\.NETFramework,Version=v4.0.AssemblyAttributes.obj"
         Pokemon Player.vcxproj -> C:\Users\Branden\documents\visual studio 2010\Projects\Pokemon Player\Debug\Pokemon Player.exe
       Manifest:
         C:\Program Files (x86)\Microsoft SDKs\Windows\v7.0A\bin\mt.exe /nologo /verbose /outputresource:"C:\Users\Branden\documents\visual studio 2010\Projects\Pokemon Player\Debug\Pokemon Player.exe;#1" /manifest "Debug\Pokemon Player.exe.intermediate.manifest"
       FinalizeBuildStatus:
         Deleting file "Debug\Pokemon Player.unsuccessfulbuild".
         Touching "Debug\Pokemon Player.lastbuildstate".
     1>Done Building Project "C:\Users\Branden\documents\visual studio 2010\Projects\Pokemon Player\Pokemon Player\Pokemon Player.vcxproj" (build target(s)).

Build succeeded.

Time Elapsed 00:00:01.62
