C:\USERS\BRANDEN\DOCUMENTS\VISUAL STUDIO 2010\PROJECTS\POKEMON PLAYER\DEBUG\POKEMON PLAYER.EXE
C:\USERS\BRANDEN\DOCUMENTS\VISUAL STUDIO 2010\PROJECTS\POKEMON PLAYER\DEBUG\POKEMON PLAYER.ILK
C:\USERS\BRANDEN\DOCUMENTS\VISUAL STUDIO 2010\PROJECTS\POKEMON PLAYER\DEBUG\POKEMON PLAYER.PDB
C:\USERS\BRANDEN\DOCUMENTS\VISUAL STUDIO 2010\PROJECTS\POKEMON PLAYER\POKEMON PLAYER\DEBUG\.NETFRAMEWORK,VERSION=V4.0.ASSEMBLYATTRIBUTES.OBJ
C:\USERS\BRANDEN\DOCUMENTS\VISUAL STUDIO 2010\PROJECTS\POKEMON PLAYER\POKEMON PLAYER\DEBUG\BATTLE.OBJ
C:\Users\Branden\documents\visual studio 2010\Projects\Pokemon Player\Pokemon Player\Debug\cl.command.1.tlog
C:\Users\Branden\documents\visual studio 2010\Projects\Pokemon Player\Pokemon Player\Debug\CL.read.1.tlog
C:\Users\Branden\documents\visual studio 2010\Projects\Pokemon Player\Pokemon Player\Debug\CL.write.1.tlog
C:\USERS\BRANDEN\DOCUMENTS\VISUAL STUDIO 2010\PROJECTS\POKEMON PLAYER\POKEMON PLAYER\DEBUG\CONTROL.OBJ
C:\USERS\BRANDEN\DOCUMENTS\VISUAL STUDIO 2010\PROJECTS\POKEMON PLAYER\POKEMON PLAYER\DEBUG\DATA.OBJ
C:\USERS\BRANDEN\DOCUMENTS\VISUAL STUDIO 2010\PROJECTS\POKEMON PLAYER\POKEMON PLAYER\DEBUG\DRIVER.OBJ
C:\Users\Branden\documents\visual studio 2010\Projects\Pokemon Player\Pokemon Player\Debug\link.1672.read.1.tlog
C:\Users\Branden\documents\visual studio 2010\Projects\Pokemon Player\Pokemon Player\Debug\link.1672.write.1.tlog
C:\Users\Branden\documents\visual studio 2010\Projects\Pokemon Player\Pokemon Player\Debug\link.2376.read.1.tlog
C:\Users\Branden\documents\visual studio 2010\Projects\Pokemon Player\Pokemon Player\Debug\link.2376.write.1.tlog
C:\Users\Branden\documents\visual studio 2010\Projects\Pokemon Player\Pokemon Player\Debug\link.2580.read.1.tlog
C:\Users\Branden\documents\visual studio 2010\Projects\Pokemon Player\Pokemon Player\Debug\link.2580.write.1.tlog
C:\Users\Branden\documents\visual studio 2010\Projects\Pokemon Player\Pokemon Player\Debug\link.2936.read.1.tlog
C:\Users\Branden\documents\visual studio 2010\Projects\Pokemon Player\Pokemon Player\Debug\link.2936.write.1.tlog
C:\Users\Branden\documents\visual studio 2010\Projects\Pokemon Player\Pokemon Player\Debug\link.3428.read.1.tlog
C:\Users\Branden\documents\visual studio 2010\Projects\Pokemon Player\Pokemon Player\Debug\link.3428.write.1.tlog
C:\Users\Branden\documents\visual studio 2010\Projects\Pokemon Player\Pokemon Player\Debug\link.3472.read.1.tlog
C:\Users\Branden\documents\visual studio 2010\Projects\Pokemon Player\Pokemon Player\Debug\link.3472.write.1.tlog
C:\Users\Branden\documents\visual studio 2010\Projects\Pokemon Player\Pokemon Player\Debug\link.3596.read.1.tlog
C:\Users\Branden\documents\visual studio 2010\Projects\Pokemon Player\Pokemon Player\Debug\link.3596.write.1.tlog
C:\Users\Branden\documents\visual studio 2010\Projects\Pokemon Player\Pokemon Player\Debug\link.4712.read.1.tlog
C:\Users\Branden\documents\visual studio 2010\Projects\Pokemon Player\Pokemon Player\Debug\link.4712.write.1.tlog
C:\Users\Branden\documents\visual studio 2010\Projects\Pokemon Player\Pokemon Player\Debug\link.4736.read.1.tlog
C:\Users\Branden\documents\visual studio 2010\Projects\Pokemon Player\Pokemon Player\Debug\link.4736.write.1.tlog
C:\Users\Branden\documents\visual studio 2010\Projects\Pokemon Player\Pokemon Player\Debug\link.4900.read.1.tlog
C:\Users\Branden\documents\visual studio 2010\Projects\Pokemon Player\Pokemon Player\Debug\link.4900.write.1.tlog
C:\Users\Branden\documents\visual studio 2010\Projects\Pokemon Player\Pokemon Player\Debug\link.5284.read.1.tlog
C:\Users\Branden\documents\visual studio 2010\Projects\Pokemon Player\Pokemon Player\Debug\link.5284.write.1.tlog
C:\Users\Branden\documents\visual studio 2010\Projects\Pokemon Player\Pokemon Player\Debug\link.5900.read.1.tlog
C:\Users\Branden\documents\visual studio 2010\Projects\Pokemon Player\Pokemon Player\Debug\link.5900.write.1.tlog
C:\Users\Branden\documents\visual studio 2010\Projects\Pokemon Player\Pokemon Player\Debug\link.6292.read.1.tlog
C:\Users\Branden\documents\visual studio 2010\Projects\Pokemon Player\Pokemon Player\Debug\link.6292.write.1.tlog
C:\Users\Branden\documents\visual studio 2010\Projects\Pokemon Player\Pokemon Player\Debug\link.6400.read.1.tlog
C:\Users\Branden\documents\visual studio 2010\Projects\Pokemon Player\Pokemon Player\Debug\link.6400.write.1.tlog
C:\Users\Branden\documents\visual studio 2010\Projects\Pokemon Player\Pokemon Player\Debug\link.6688.read.1.tlog
C:\Users\Branden\documents\visual studio 2010\Projects\Pokemon Player\Pokemon Player\Debug\link.6688.write.1.tlog
C:\Users\Branden\documents\visual studio 2010\Projects\Pokemon Player\Pokemon Player\Debug\link.6724.read.1.tlog
C:\Users\Branden\documents\visual studio 2010\Projects\Pokemon Player\Pokemon Player\Debug\link.6724.write.1.tlog
C:\Users\Branden\documents\visual studio 2010\Projects\Pokemon Player\Pokemon Player\Debug\link.6768.read.1.tlog
C:\Users\Branden\documents\visual studio 2010\Projects\Pokemon Player\Pokemon Player\Debug\link.6768.write.1.tlog
C:\Users\Branden\documents\visual studio 2010\Projects\Pokemon Player\Pokemon Player\Debug\link.7040.read.1.tlog
C:\Users\Branden\documents\visual studio 2010\Projects\Pokemon Player\Pokemon Player\Debug\link.7040.write.1.tlog
C:\Users\Branden\documents\visual studio 2010\Projects\Pokemon Player\Pokemon Player\Debug\link.876.read.1.tlog
C:\Users\Branden\documents\visual studio 2010\Projects\Pokemon Player\Pokemon Player\Debug\link.876.write.1.tlog
C:\Users\Branden\documents\visual studio 2010\Projects\Pokemon Player\Pokemon Player\Debug\link.command.1.tlog
C:\Users\Branden\documents\visual studio 2010\Projects\Pokemon Player\Pokemon Player\Debug\link.read.1.tlog
C:\Users\Branden\documents\visual studio 2010\Projects\Pokemon Player\Pokemon Player\Debug\link.write.1.tlog
C:\Users\Branden\documents\visual studio 2010\Projects\Pokemon Player\Pokemon Player\Debug\mt.command.1.tlog
C:\Users\Branden\documents\visual studio 2010\Projects\Pokemon Player\Pokemon Player\Debug\mt.read.1.tlog
C:\Users\Branden\documents\visual studio 2010\Projects\Pokemon Player\Pokemon Player\Debug\mt.write.1.tlog
C:\USERS\BRANDEN\DOCUMENTS\VISUAL STUDIO 2010\PROJECTS\POKEMON PLAYER\POKEMON PLAYER\DEBUG\POKEMON PLAYER.EXE.INTERMEDIATE.MANIFEST
C:\Users\Branden\documents\visual studio 2010\Projects\Pokemon Player\Pokemon Player\Debug\Pokemon Player.vcxprojResolveAssemblyReference.cache
C:\Users\Branden\documents\visual studio 2010\Projects\Pokemon Player\Pokemon Player\Debug\Pokemon Player.write.1.tlog
C:\USERS\BRANDEN\DOCUMENTS\VISUAL STUDIO 2010\PROJECTS\POKEMON PLAYER\POKEMON PLAYER\DEBUG\POKEMON.OBJ
C:\USERS\BRANDEN\DOCUMENTS\VISUAL STUDIO 2010\PROJECTS\POKEMON PLAYER\POKEMON PLAYER\DEBUG\VC100.PDB
